[15:00:55] [main/INFO]: Loading Minecraft 1.21.1 with Fabric Loader 0.16.3
[15:00:55] [main/INFO]: Loading 4 mods:
	- fabricloader 0.16.3
	   \-- mixinextras 0.4.1
	- java 21
	- minecraft 1.21.1
[15:00:55] [main/INFO]: SpongePowered MIXIN Subsystem Version=0.8.7 Source=file:/workspaces/sv-mc/servidor_minecraft/libraries/net/fabricmc/sponge-mixin/0.15.2+mixin.0.8.7/sponge-mixin-0.15.2+mixin.0.8.7.jar Service=Knot/Fabric Env=SERVER
[15:01:06] [main/INFO]: Environment: Environment[sessionHost=https://sessionserver.mojang.com, servicesHost=https://api.minecraftservices.com, name=PROD]
[15:01:09] [main/INFO]: Loaded 1290 recipes
[15:01:09] [main/INFO]: Loaded 1399 advancements
[15:01:10] [Server thread/INFO]: Starting minecraft server version 1.21.1
[15:01:10] [Server thread/INFO]: Loading properties
[15:01:10] [Server thread/INFO]: Default game type: SURVIVAL
[15:01:10] [Server thread/INFO]: Generating keypair
[15:01:10] [Server thread/INFO]: Starting Minecraft server on *:25565
[15:01:10] [Server thread/INFO]: Using epoll channel type
[15:01:10] [Server thread/WARN]: **** SERVER IS RUNNING IN OFFLINE/INSECURE MODE!
[15:01:10] [Server thread/WARN]: The server will make no attempt to authenticate usernames. Beware.
[15:01:10] [Server thread/WARN]: While this makes the game possible to play without internet access, it also opens up the ability for hackers to connect with any username they choose.
[15:01:10] [Server thread/WARN]: To change this, set "online-mode" to "true" in the server.properties file.
[15:01:10] [Server thread/INFO]: Preparing level "world"
[15:01:19] [Server thread/INFO]: Preparing start region for dimension minecraft:overworld
[15:01:20] [Worker-Main-1/INFO]: Preparing spawn area: 0%
[15:01:20] [Worker-Main-1/INFO]: Preparing spawn area: 0%
[15:01:20] [Server thread/INFO]: Time elapsed: 905 ms
[15:01:20] [Server thread/INFO]: Done (9.745s)! For help, type "help"
[15:01:54] [Server thread/INFO]: sjush[/127.223.224.63:47759] logged in with entity id 10 at (338.96864953504354, 71.0, -16.79522016266517)
[15:01:54] [Server thread/INFO]: sjush joined the game
[15:02:38] [Server thread/INFO]: sjush lost connection: Disconnected
[15:02:38] [Server thread/INFO]: sjush left the game
